<?xml version="1.0" encoding="UTF-8"?>
<!-- Generated by org.testng.reporters.JUnitReportReporter -->
<testsuite hostname="QT-INBG-LT0634" failures="0" tests="2" name="AutomationProject.AutomationProject.SignUp" time="5.771" errors="0" timestamp="2022-08-03T09:25:55 IST" skipped="0">
  <testcase classname="AutomationProject.AutomationProject.SignUp" name="signup" time="2.866"/>
  <system-out/>
  <testcase classname="AutomationProject.AutomationProject.SignUp" name="signup" time="2.905"/>
  <system-out/>
</testsuite> <!-- AutomationProject.AutomationProject.SignUp -->
