<?xml version="1.0" encoding="UTF-8"?>
<!-- Generated by org.testng.reporters.JUnitReportReporter -->
<testsuite hostname="QT-INBG-LT0634" failures="0" tests="2" name="AutomationProject.AutomationProject.SignIn" time="4.515" errors="0" timestamp="2022-08-03T09:25:55 IST" skipped="0">
  <testcase classname="AutomationProject.AutomationProject.SignIn" name="signin" time="2.198"/>
  <system-out/>
  <testcase classname="AutomationProject.AutomationProject.SignIn" name="signin" time="2.317"/>
  <system-out/>
</testsuite> <!-- AutomationProject.AutomationProject.SignIn -->
