<?xml version="1.0" encoding="UTF-8"?>
<!-- Generated by org.testng.reporters.JUnitReportReporter -->
<testsuite hostname="QT-INBG-LT0634" failures="0" tests="1" name="AutomationProject.AutomationProject.HomePage" time="3.029" errors="0" timestamp="2022-08-02T14:17:53 IST" skipped="0">
  <testcase classname="AutomationProject.AutomationProject.HomePage" name="homepage" time="3.029"/>
  <system-out/>
</testsuite> <!-- AutomationProject.AutomationProject.HomePage -->
