<?xml version="1.0" encoding="UTF-8"?>
<!-- Generated by org.testng.reporters.JUnitReportReporter -->
<testsuite hostname="QT-INBG-LT0634" failures="0" tests="1" name="AutomationProject.AutomationProject.Order" time="10.332" errors="0" timestamp="2022-08-02T14:16:07 IST" skipped="0">
  <testcase classname="AutomationProject.AutomationProject.Order" name="Orders" time="10.332"/>
  <system-out/>
</testsuite> <!-- AutomationProject.AutomationProject.Order -->
