<?xml version="1.0" encoding="UTF-8"?>
<!-- Generated by org.testng.reporters.JUnitReportReporter -->
<testsuite hostname="QT-INBG-LT0634" failures="0" tests="2" name="AutomationProject.AutomationProject.ContactUs" time="7.645" errors="0" timestamp="2022-08-03T09:25:55 IST" skipped="0">
  <testcase classname="AutomationProject.AutomationProject.ContactUs" name="Contact" time="4.207"/>
  <system-out/>
  <testcase classname="AutomationProject.AutomationProject.ContactUs" name="Contact" time="3.438"/>
  <system-out/>
</testsuite> <!-- AutomationProject.AutomationProject.ContactUs -->
