<?xml version="1.0" encoding="UTF-8"?>
<!-- Generated by org.testng.reporters.JUnitReportReporter -->
<testsuite hostname="QT-INBG-LT0634" failures="0" tests="1" name="AutomationProject.AutomationProject.HomePages" time="8.337" errors="0" timestamp="2022-08-02T18:17:14 IST" skipped="0">
  <testcase classname="AutomationProject.AutomationProject.HomePages" name="homepage" time="8.337"/>
  <system-out/>
</testsuite> <!-- AutomationProject.AutomationProject.HomePages -->
