<?xml version="1.0" encoding="UTF-8"?>
<!-- Generated by org.testng.reporters.JUnitReportReporter -->
<testsuite hostname="QT-INBG-LT0634" failures="0" tests="1" name="AutomationProject.AutomationProject.SignUp" time="6.186" errors="0" timestamp="2022-08-01T21:17:28 IST" skipped="0">
  <testcase classname="AutomationProject.AutomationProject.SignUp" name="signup" time="6.186"/>
  <system-out/>
</testsuite> <!-- AutomationProject.AutomationProject.SignUp -->
