<?xml version="1.0" encoding="UTF-8"?>
<!-- Generated by org.testng.reporters.JUnitReportReporter -->
<testsuite hostname="QT-INBG-LT0634" failures="0" tests="1" name="AutomationProject.AutomationProject.SignIn" time="4.582" errors="0" timestamp="2022-08-02T09:17:42 IST" skipped="0">
  <testcase classname="AutomationProject.AutomationProject.SignIn" name="signin" time="4.582"/>
  <system-out/>
</testsuite> <!-- AutomationProject.AutomationProject.SignIn -->
