<?xml version="1.0" encoding="UTF-8"?>
<!-- Generated by org.testng.reporters.JUnitReportReporter -->
<testsuite hostname="QT-INBG-LT0634" failures="0" tests="2" name="AutomationProject.AutomationProject.SignUp" time="23.807" errors="0" timestamp="2022-08-02T23:39:25 IST" skipped="0">
  <testcase classname="AutomationProject.AutomationProject.SignUp" name="signup" time="18.369"/>
  <system-out/>
  <testcase classname="AutomationProject.AutomationProject.SignUp" name="signup" time="5.438"/>
  <system-out/>
</testsuite> <!-- AutomationProject.AutomationProject.SignUp -->
