<?xml version="1.0" encoding="UTF-8"?>
<!-- Generated by org.testng.reporters.JUnitReportReporter -->
<testsuite hostname="QT-INBG-LT0634" failures="0" tests="1" name="AutomationProject.AutomationProject.SignUp" time="5.819" errors="0" timestamp="2022-08-02T10:14:58 IST" skipped="0">
  <testcase classname="AutomationProject.AutomationProject.SignUp" name="signup" time="5.819"/>
  <system-out/>
</testsuite> <!-- AutomationProject.AutomationProject.SignUp -->
