<?xml version="1.0" encoding="UTF-8"?>
<!-- Generated by org.testng.reporters.JUnitReportReporter -->
<testsuite hostname="QT-INBG-LT0634" failures="0" tests="2" name="AutomationProject.AutomationProject.SignIn" time="18.946" errors="0" timestamp="2022-08-02T23:39:25 IST" skipped="0">
  <testcase classname="AutomationProject.AutomationProject.SignIn" name="signin" time="5.917"/>
  <system-out/>
  <testcase classname="AutomationProject.AutomationProject.SignIn" name="signin" time="13.029"/>
  <system-out/>
</testsuite> <!-- AutomationProject.AutomationProject.SignIn -->
