<?xml version="1.0" encoding="UTF-8"?>
<!-- Generated by org.testng.reporters.JUnitReportReporter -->
<testsuite hostname="QT-INBG-LT0634" failures="0" tests="1" name="AutomationProject.AutomationProject.ContactUs" time="5.797" errors="0" timestamp="2022-08-02T10:57:19 IST" skipped="0">
  <testcase classname="AutomationProject.AutomationProject.ContactUs" name="Contact" time="5.797"/>
  <system-out/>
</testsuite> <!-- AutomationProject.AutomationProject.ContactUs -->
