<?xml version="1.0" encoding="UTF-8"?>
<!-- Generated by org.testng.reporters.JUnitReportReporter -->
<testsuite hostname="QT-INBG-LT0634" failures="0" tests="2" name="AutomationProject.AutomationProject.Order" time="31.878" errors="0" timestamp="2022-08-02T23:35:04 IST" skipped="0">
  <testcase classname="AutomationProject.AutomationProject.Order" name="Orders" time="15.048"/>
  <system-out/>
  <testcase classname="AutomationProject.AutomationProject.Order" name="Orders" time="16.830"/>
  <system-out/>
</testsuite> <!-- AutomationProject.AutomationProject.Order -->
