<?xml version="1.0" encoding="UTF-8"?>
<!-- Generated by org.testng.reporters.JUnitReportReporter -->
<testsuite hostname="QT-INBG-LT0634" failures="0" tests="2" name="AutomationProject.AutomationProject.SignUp" time="10.572" errors="0" timestamp="2022-08-02T23:04:10 IST" skipped="0">
  <testcase classname="AutomationProject.AutomationProject.SignUp" name="signup" time="4.191"/>
  <system-out/>
  <testcase classname="AutomationProject.AutomationProject.SignUp" name="signup" time="6.381"/>
  <system-out/>
</testsuite> <!-- AutomationProject.AutomationProject.SignUp -->
