<?xml version="1.0" encoding="UTF-8"?>
<!-- Generated by org.testng.reporters.JUnitReportReporter -->
<testsuite hostname="QT-INBG-LT0634" failures="0" tests="2" name="AutomationProject.AutomationProject.ContactUs" time="8.072" errors="0" timestamp="2022-08-03T09:59:38 IST" skipped="0">
  <testcase classname="AutomationProject.AutomationProject.ContactUs" name="Contact" time="3.677"/>
  <system-out/>
  <testcase classname="AutomationProject.AutomationProject.ContactUs" name="Contact" time="4.395"/>
  <system-out/>
</testsuite> <!-- AutomationProject.AutomationProject.ContactUs -->
