<?xml version="1.0" encoding="UTF-8"?>
<!-- Generated by org.testng.reporters.JUnitReportReporter -->
<testsuite hostname="QT-INBG-LT0634" failures="0" tests="2" name="AutomationProject.AutomationProject.ContactUs" time="8.612" errors="0" timestamp="2022-08-04T10:40:34 IST" skipped="0">
  <testcase classname="AutomationProject.AutomationProject.ContactUs" name="Contact" time="3.634"/>
  <system-out/>
  <testcase classname="AutomationProject.AutomationProject.ContactUs" name="Contact" time="4.978"/>
  <system-out/>
</testsuite> <!-- AutomationProject.AutomationProject.ContactUs -->
