<?xml version="1.0" encoding="UTF-8"?>
<!-- Generated by org.testng.reporters.JUnitReportReporter -->
<testsuite hostname="QT-INBG-LT0634" failures="0" tests="1" name="AutomationProject.AutomationProject.HomePages" time="2.003" errors="0" timestamp="2022-08-03T09:59:38 IST" skipped="0">
  <testcase classname="AutomationProject.AutomationProject.HomePages" name="homepage" time="2.003"/>
  <system-out/>
</testsuite> <!-- AutomationProject.AutomationProject.HomePages -->
