<?xml version="1.0" encoding="UTF-8"?>
<!-- Generated by org.testng.reporters.JUnitReportReporter -->
<testsuite hostname="QT-INBG-LT0634" failures="0" tests="2" name="AutomationProject.AutomationProject.SignUp" time="6.425" errors="0" timestamp="2022-08-04T10:40:34 IST" skipped="0">
  <testcase classname="AutomationProject.AutomationProject.SignUp" name="signup" time="2.987"/>
  <system-out/>
  <testcase classname="AutomationProject.AutomationProject.SignUp" name="signup" time="3.438"/>
  <system-out/>
</testsuite> <!-- AutomationProject.AutomationProject.SignUp -->
