<?xml version="1.0" encoding="UTF-8"?>
<!-- Generated by org.testng.reporters.JUnitReportReporter -->
<testsuite hostname="QT-INBG-LT0634" failures="0" tests="2" name="AutomationProject.AutomationProject.ContactUs" time="10.378" errors="0" timestamp="2022-08-03T21:41:18 IST" skipped="0">
  <testcase classname="AutomationProject.AutomationProject.ContactUs" name="Contact" time="5.319"/>
  <system-out/>
  <testcase classname="AutomationProject.AutomationProject.ContactUs" name="Contact" time="5.059"/>
  <system-out/>
</testsuite> <!-- AutomationProject.AutomationProject.ContactUs -->
