<?xml version="1.0" encoding="UTF-8"?>
<!-- Generated by org.testng.reporters.JUnitReportReporter -->
<testsuite hostname="QT-INBG-LT0634" failures="0" tests="1" name="AutomationProject.AutomationProject.HomePages" time="4.722" errors="0" timestamp="2022-08-04T10:40:34 IST" skipped="0">
  <testcase classname="AutomationProject.AutomationProject.HomePages" name="homepage" time="4.722"/>
  <system-out/>
</testsuite> <!-- AutomationProject.AutomationProject.HomePages -->
